  icode   ic inum1 inum2 inum3   subed  recmonps reccnstps  flow(m^3)   sed(t)      orgn(kg)    orgp(kg)    nitrate(kg) sol.p(kg)   sol.pst(mg) sor.pst(mg)
       1        1        1        0        0        0                         0.9492E+07  0.8724E-05  0.5291E+00  0.1587E+01  0.1329E+05  0.5297E+00  0.0000E+00  0.0000E+00
       1        2        2        0        0        0                         0.5278E+08  0.1030E-04  0.1926E+00  0.5777E+00  0.3166E+06  0.1928E+00  0.0000E+00  0.0000E+00
       1        3        3        0        0        0                         0.1394E+09  0.9051E-05  0.6420E+00  0.1926E+01  0.7597E+06  0.6428E+00  0.0000E+00  0.0000E+00
       1        4        4        0        0        0                         0.6969E+07  0.9885E-05  0.4539E+00  0.1362E+01  0.9999E+04  0.4544E+00  0.0000E+00  0.0000E+00
       1        5        5        0        0        0                         0.1897E+09  0.7054E-05  0.1263E+01  0.3788E+01  0.1515E+07  0.1265E+01  0.0000E+00  0.0000E+00
       1        6        6        0        0        0                         0.8415E+08  0.7659E-05  0.5552E+00  0.1666E+01  0.4068E+06  0.5562E+00  0.0000E+00  0.0000E+00
       1        7        7        0        0        0                         0.2086E+09  0.2651E-05  0.3887E+00  0.1166E+01  0.1855E+07  0.3896E+00  0.0000E+00  0.0000E+00
       1        8        8        0        0        0                         0.4904E+09  0.1321E-04  0.1509E+01  0.4526E+01  0.3221E+07  0.1511E+01  0.0000E+00  0.0000E+00
       1        9        9        0        0        0                         0.3400E+09  0.6352E-05  0.1426E+01  0.4278E+01  0.2672E+07  0.1429E+01  0.0000E+00  0.0000E+00
       1       10       10        0        0        0                         0.8709E+08  0.9261E-05  0.5995E+00  0.1798E+01  0.1044E+07  0.6002E+00  0.0000E+00  0.0000E+00
       1       11       11        0        0        0                         0.3063E+09  0.2468E+06  0.6008E+06  0.2353E+06  0.1674E+07  0.1956E+04  0.0000E+00  0.0000E+00
       1       12       12        0        0        0                         0.2662E+09  0.2851E-05  0.5637E+00  0.1691E+01  0.1807E+07  0.1796E+02  0.0000E+00  0.0000E+00
       1       13       13        0        0        0                         0.3592E+09  0.9738E+05  0.2578E+06  0.9972E+05  0.1206E+07  0.9277E+03  0.0000E+00  0.0000E+00
       1       14       14        0        0        0                         0.2138E+10  0.6475E+05  0.2423E+06  0.8997E+05  0.1204E+08  0.1130E+04  0.0000E+00  0.0000E+00
       1       15       15        0        0        0                         0.1352E+09  0.2916E+05  0.6249E+05  0.2437E+05  0.4570E+06  0.2770E+03  0.0000E+00  0.0000E+00
       1       16       16        0        0        0                         0.3020E+08  0.5542E+05  0.1441E+06  0.5686E+05  0.1503E+05  0.7143E+03  0.0000E+00  0.0000E+00
       1       17       17        0        0        0                         0.2079E+08  0.1913E+05  0.7472E+05  0.2850E+05  0.1062E+05  0.5080E+03  0.0000E+00  0.0000E+00
       1       18       18        0        0        0                         0.8382E+09  0.1255E+05  0.4248E+05  0.1852E+05  0.5831E+07  0.4336E+03  0.0000E+00  0.0000E+00
       1       19       19        0        0        0                         0.3333E+08  0.8739E+04  0.2845E+05  0.1205E+05  0.3200E+05  0.2341E+03  0.0000E+00  0.0000E+00
       1       20       20        0        0        0                         0.2828E+09  0.5242E+05  0.1170E+06  0.5568E+05  0.1723E+07  0.6064E+03  0.0000E+00  0.0000E+00
       2       21        1        1        1        0                         0.6616E+07  0.1087E-05  0.2222E+00  0.6056E+00  0.9059E+04  0.2631E+01  0.0000E+00  0.0000E+00
       5       22        4       21        0        0                         0.1359E+08  0.1097E-04  0.6761E+00  0.1967E+01  0.1906E+05  0.3085E+01  0.0000E+00  0.0000E+00
       2       23        4       22        4        0                         0.1678E+07  0.0000E+00  0.3452E-01  0.8732E-01  0.1724E+04  0.5698E+01  0.0000E+00  0.0000E+00
       5       24        3       23        0        0                         0.1410E+09  0.9051E-05  0.6765E+00  0.2013E+01  0.7614E+06  0.6341E+01  0.0000E+00  0.0000E+00
       2       25        5        5        5        0                         0.1225E+09  0.0000E+00  0.1385E-01  0.2369E+00  0.1265E+07  0.8436E+02  0.0000E+00  0.0000E+00
       5       26       24       25        0        0                         0.2635E+09  0.9051E-05  0.6904E+00  0.2250E+01  0.2027E+07  0.9070E+02  0.0000E+00  0.0000E+00
       2       27        6        6        6        0                         0.5371E+08  0.0000E+00  0.1024E-01  0.8752E-01  0.3606E+06  0.1854E+02  0.0000E+00  0.0000E+00
       5       28       26       27        0        0                         0.3173E+09  0.9051E-05  0.7006E+00  0.2338E+01  0.2387E+07  0.1092E+03  0.0000E+00  0.0000E+00
       2       29        9        9        9        0                         0.2736E+09  0.0000E+00  0.5715E-02  0.3727E-01  0.2591E+07  0.9373E+02  0.0000E+00  0.0000E+00
       5       30        7       29        0        0                         0.4823E+09  0.2651E-05  0.3945E+00  0.1203E+01  0.4446E+07  0.9412E+02  0.0000E+00  0.0000E+00
       2       31       11       11       11        0                         0.2624E+09  0.2466E+06  0.5691E+06  0.2173E+06  0.1489E+07  0.6000E+04  0.0000E+00  0.0000E+00
       5       32       10       31        0        0                         0.3495E+09  0.2466E+06  0.5691E+06  0.2173E+06  0.2533E+07  0.6000E+04  0.0000E+00  0.0000E+00
       2       33       12       12       12        0                         0.2516E+09  0.4808E-06  0.7644E-01  0.4484E+00  0.1767E+07  0.2513E+02  0.0000E+00  0.0000E+00
       5       34       32       33        0        0                         0.6010E+09  0.2466E+06  0.5691E+06  0.2173E+06  0.4299E+07  0.6026E+04  0.0000E+00  0.0000E+00
       2       35       14       14       14        0                         0.1919E+10  0.4829E+05  0.1944E+06  0.6440E+05  0.1161E+08  0.9669E+04  0.0000E+00  0.0000E+00
       5       36       13       35        0        0                         0.2278E+10  0.1457E+06  0.4522E+06  0.1641E+06  0.1282E+08  0.1060E+05  0.0000E+00  0.0000E+00
       2       37       16       16       16        0                         0.2518E+08  0.5542E+05  0.1379E+06  0.5347E+05  0.8625E+04  0.1937E+04  0.0000E+00  0.0000E+00
       5       38       15       37        0        0                         0.1604E+09  0.8458E+05  0.2004E+06  0.7784E+05  0.4656E+06  0.2214E+04  0.0000E+00  0.0000E+00
       2       39       17       17       17        0                         0.1647E+08  0.1912E+05  0.6875E+05  0.2540E+05  0.4888E+04  0.1594E+04  0.0000E+00  0.0000E+00
       5       40       38       39        0        0                         0.1769E+09  0.1037E+06  0.2692E+06  0.1032E+06  0.4705E+06  0.3808E+04  0.0000E+00  0.0000E+00
       2       41       15       40       15        0                         0.1418E+09  0.5317E+04  0.2408E+06  0.8773E+05  0.3934E+06  0.1218E+05  0.0000E+00  0.0000E+00
       5       42       36       41        0        0                         0.2420E+10  0.1510E+06  0.6931E+06  0.2518E+06  0.1321E+08  0.2277E+05  0.0000E+00  0.0000E+00
       2       43       19       19       19        0                         0.1476E+08  0.8729E+04  0.2700E+05  0.1115E+05  0.8899E+04  0.7528E+03  0.0000E+00  0.0000E+00
       5       44       18       43        0        0                         0.8529E+09  0.2128E+05  0.6948E+05  0.2967E+05  0.5840E+07  0.1186E+04  0.0000E+00  0.0000E+00
       2       45       20       20       20        0                         0.2468E+09  0.5240E+05  0.1123E+06  0.5235E+05  0.1661E+07  0.1858E+04  0.0000E+00  0.0000E+00
       5       46       44       45        0        0                         0.1100E+10  0.7368E+05  0.1818E+06  0.8202E+05  0.7501E+07  0.3044E+04  0.0000E+00  0.0000E+00
       2       47       18       46       18        0                         0.9667E+09  0.4976E+05  0.1640E+06  0.7013E+05  0.7243E+07  0.1041E+05  0.0000E+00  0.0000E+00
       5       48       42       47        0        0                         0.3386E+10  0.2007E+06  0.8571E+06  0.3220E+06  0.2045E+08  0.3318E+05  0.0000E+00  0.0000E+00
       2       49       13       48       13        0                         0.3215E+10  0.1448E+06  0.7754E+06  0.2772E+06  0.2005E+08  0.6483E+05  0.0000E+00  0.0000E+00
       5       50       34       49        0        0                         0.3816E+10  0.3914E+06  0.1345E+07  0.4945E+06  0.2435E+08  0.7085E+05  0.0000E+00  0.0000E+00
       2       51       10       50       10        0                         0.3538E+10  0.1886E+06  0.1178E+07  0.4058E+06  0.2343E+08  0.1409E+06  0.0000E+00  0.0000E+00
       5       52        8       51        0        0                         0.4028E+10  0.1886E+06  0.1178E+07  0.4058E+06  0.2666E+08  0.1409E+06  0.0000E+00  0.0000E+00
       2       53        8       52        8        0                         0.3697E+10  0.1431E+06  0.1036E+07  0.3363E+06  0.2550E+08  0.1971E+06  0.0000E+00  0.0000E+00
       5       54       30       53        0        0                         0.4179E+10  0.1431E+06  0.1036E+07  0.3363E+06  0.2994E+08  0.1972E+06  0.0000E+00  0.0000E+00
       2       55        7       54        7        0                         0.4024E+10  0.1327E+06  0.9623E+06  0.3021E+06  0.2938E+08  0.2249E+06  0.0000E+00  0.0000E+00
       5       56       28       55        0        0                         0.4341E+10  0.1327E+06  0.9623E+06  0.3021E+06  0.3176E+08  0.2250E+06  0.0000E+00  0.0000E+00
       2       57        3       56        3        0                         0.4179E+10  0.1280E+06  0.9039E+06  0.2762E+06  0.3114E+08  0.2455E+06  0.0000E+00  0.0000E+00
       5       58        2       57        0        0                         0.4232E+10  0.1280E+06  0.9039E+06  0.2762E+06  0.3145E+08  0.2455E+06  0.0000E+00  0.0000E+00
       2       59        2       58        2        0                         0.4098E+10  0.1270E+06  0.8642E+06  0.2592E+06  0.3091E+08  0.2586E+06  0.0000E+00  0.0000E+00
      14       59        1        0        0        0                         0.4098E+10  0.1270E+06  0.8642E+06  0.2592E+06  0.3091E+08  0.2586E+06  0.0000E+00  0.0000E+00
